#
# There is insufficient memory for the Java Runtime Environment to continue.
# Native memory allocation (mmap) failed to map 7340032 bytes for G1 virtual space
# Possible reasons:
#   The system is out of physical RAM or swap space
#   The process is running with CompressedOops enabled, and the Java Heap may be blocking the growth of the native heap
# Possible solutions:
#   Reduce memory load on the system
#   Increase physical memory or swap space
#   Check if swap backing store is full
#   Decrease Java heap size (-Xmx/-Xms)
#   Decrease number of Java threads
#   Decrease Java thread stack sizes (-Xss)
#   Set larger code cache with -XX:ReservedCodeCacheSize=
#   JVM is running with Unscaled Compressed Oops mode in which the Java heap is
#     placed in the first 4GB address space. The Java Heap base address is the
#     maximum limit for the native heap growth. Please use -XX:HeapBaseMinAddress
#     to set the Java Heap base and to place the Java Heap above 4GB virtual address.
# This output file may be truncated or incomplete.
#
#  Out of Memory Error (os_windows.cpp:3771), pid=11256, tid=8664
#
# JRE version: OpenJDK Runtime Environment (17.0.7) (build 17.0.7+0-b2043.56-10550314)
# Java VM: OpenJDK 64-Bit Server VM (17.0.7+0-b2043.56-10550314, mixed mode, tiered, compressed oops, compressed class ptrs, g1 gc, windows-amd64)
# No core dump will be written. Minidumps are not enabled by default on client versions of Windows
#

---------------  S U M M A R Y ------------

Command Line: org.jetbrains.kotlin.cli.jvm.K2JVMCompiler @C:\Users\diana\AndroidStudioProjects\Nmedia\app\build\20250122_2384698645727538572.compiler.options

Host: AMD Athlon Silver 3050U with Radeon Graphics   , 2 cores, 3G,  Windows 10 , 64 bit Build 19041 (10.0.19041.5198)
Time: Wed Jan 22 07:26:42 2025 RTZ 2 (s 10 , 64 bit Build 19041 (10.0.19041.5198) elapsed time: 13.482344 seconds (0d 0h 0m 13s)

---------------  T H R E A D  ---------------

Current thread (0x000001ec59494980):  VMThread "VM Thread" [stack: 0x0000009074300000,0x0000009074400000] [id=8664]

Stack: [0x0000009074300000,0x0000009074400000]
Native frames: (J=compiled Java code, j=interpreted, Vv=VM code, C=native code)
V  [jvm.dll+0x683bfa]
V  [jvm.dll+0x8430a4]
V  [jvm.dll+0x8449be]
V  [jvm.dll+0x845023]
V  [jvm.dll+0x24ad2f]
V  [jvm.dll+0x680ac9]
V  [jvm.dll+0x67519a]
V  [jvm.dll+0x30b3cb]
V  [jvm.dll+0x312876]
V  [jvm.dll+0x36221e]
V  [jvm.dll+0x36244f]
V  [jvm.dll+0x2e14a8]
V  [jvm.dll+0x2df684]
V  [jvm.dll+0x2dec8c]
V  [jvm.dll+0x32382b]
V  [jvm.dll+0x8496eb]
V  [jvm.dll+0x84a424]
V  [jvm.dll+0x84a93d]
V  [jvm.dll+0x84ad14]
V  [jvm.dll+0x84ade0]
V  [jvm.dll+0x7f2aea]
V  [jvm.dll+0x682a35]
C  [ucrtbase.dll+0x21bb2]
C  [KERNEL32.DLL+0x17374]
C  [ntdll.dll+0x4cc91]

VM_Operation (0x0000009073dfa470): G1CollectForAllocation, mode: safepoint, requested by thread 0x000001ec42f209d0


---------------  P R O C E S S  ---------------

Threads class SMR info:
_java_thread_list=0x000001ec5986b020, length=12, elements={
0x000001ec42f209d0, 0x000001ec5947b350, 0x000001ec5947c1c0, 0x000001ec594c3b50,
0x000001ec594e3410, 0x000001ec594e6580, 0x000001ec594f9010, 0x000001ec594f9900,
0x000001ec59788810, 0x000001ec597b0e00, 0x000001ec598899d0, 0x000001ec5988a340
}

Java Threads: ( => current thread )
  0x000001ec42f209d0 JavaThread "main" [_thread_blocked, id=6668, stack(0x0000009073d00000,0x0000009073e00000)]
  0x000001ec5947b350 JavaThread "Reference Handler" daemon [_thread_blocked, id=13196, stack(0x0000009074400000,0x0000009074500000)]
  0x000001ec5947c1c0 JavaThread "Finalizer" daemon [_thread_blocked, id=12900, stack(0x0000009074500000,0x0000009074600000)]
  0x000001ec594c3b50 JavaThread "Signal Dispatcher" daemon [_thread_blocked, id=12428, stack(0x0000009074600000,0x0000009074700000)]
  0x000001ec594e3410 JavaThread "Attach Listener" daemon [_thread_blocked, id=6896, stack(0x0000009074700000,0x0000009074800000)]
  0x000001ec594e6580 JavaThread "Service Thread" daemon [_thread_blocked, id=6824, stack(0x0000009074800000,0x0000009074900000)]
  0x000001ec594f9010 JavaThread "Monitor Deflation Thread" daemon [_thread_blocked, id=13360, stack(0x0000009074900000,0x0000009074a00000)]
  0x000001ec594f9900 JavaThread "C2 CompilerThread0" daemon [_thread_blocked, id=13392, stack(0x0000009074a00000,0x0000009074b00000)]
  0x000001ec59788810 JavaThread "C1 CompilerThread0" daemon [_thread_blocked, id=7436, stack(0x0000009074b00000,0x0000009074c00000)]
  0x000001ec597b0e00 JavaThread "Sweeper thread" daemon [_thread_blocked, id=12940, stack(0x0000009074c00000,0x0000009074d00000)]
  0x000001ec598899d0 JavaThread "Notification Thread" daemon [_thread_blocked, id=7576, stack(0x0000009074d00000,0x0000009074e00000)]
  0x000001ec5988a340 JavaThread "Common-Cleaner" daemon [_thread_blocked, id=13316, stack(0x0000009074f00000,0x0000009075000000)]

Other Threads:
=>0x000001ec59494980 VMThread "VM Thread" [stack: 0x0000009074300000,0x0000009074400000] [id=8664]
  0x000001ec5988a0b0 WatcherThread [stack: 0x0000009074e00000,0x0000009074f00000] [id=8432]
  0x000001ec42f57c80 GCTaskThread "GC Thread#0" [stack: 0x0000009073e00000,0x0000009073f00000] [id=7504]
  0x000001ec59ae2240 GCTaskThread "GC Thread#1" [stack: 0x0000009075000000,0x0000009075100000] [id=10272]
  0x000001ec42f5f940 ConcurrentGCThread "G1 Main Marker" [stack: 0x0000009073f00000,0x0000009074000000] [id=1432]
  0x000001ec42f60350 ConcurrentGCThread "G1 Conc#0" [stack: 0x0000009074000000,0x0000009074100000] [id=992]
  0x000001ec42f921a0 ConcurrentGCThread "G1 Refine#0" [stack: 0x0000009074100000,0x0000009074200000] [id=9968]
  0x000001ec42f92bc0 ConcurrentGCThread "G1 Service" [stack: 0x0000009074200000,0x0000009074300000] [id=9996]

Threads with active compile tasks:

VM state: at safepoint (normal execution)

VM Mutex/Monitor currently owned by a thread:  ([mutex/lock_event])
[0x000001ec42f1bf60] Threads_lock - owner thread: 0x000001ec59494980
[0x000001ec42f1d0d0] Heap_lock - owner thread: 0x000001ec42f209d0

Heap address: 0x00000000c9400000, size: 876 MB, Compressed Oops mode: 32-bit

CDS archive(s) not mapped
Compressed class space mapped at: 0x0000000100000000-0x0000000140000000, reserved size: 1073741824
Narrow klass base: 0x0000000000000000, Narrow klass shift: 3, Narrow klass range: 0x140000000

GC Precious Log:
 CPUs: 2 total, 2 available
 Memory: 3503M
 Large Page Support: Disabled
 NUMA Support: Disabled
 Compressed Oops: Enabled (32-bit)
 Heap Region Size: 1M
 Heap Min Capacity: 8M
 Heap Initial Capacity: 56M
 Heap Max Capacity: 876M
 Pre-touch: Disabled
 Parallel Workers: 2
 Concurrent Workers: 1
 Concurrent Refinement Workers: 2
 Periodic GC: Disabled

Heap:
 garbage-first heap   total 28672K, used 15976K [0x00000000c9400000, 0x0000000100000000)
  region size 1024K, 1 young (1024K), 1 survivors (1024K)
 Metaspace       used 27626K, committed 27776K, reserved 1114112K
  class space    used 3522K, committed 3584K, reserved 1048576K

Heap Regions: E=young(eden), S=young(survivor), O=old, HS=humongous(starts), HC=humongous(continues), CS=collection set, F=free, OA=open archive, CA=closed archive, TAMS=top-at-mark-start (previous, next)
|   0|0x00000000c9400000, 0x00000000c9500000, 0x00000000c9500000|100%|HS|  |TAMS 0x00000000c9500000, 0x00000000c9500000| Complete 
|   1|0x00000000c9500000, 0x00000000c9600000, 0x00000000c9600000|100%|HC|  |TAMS 0x00000000c9600000, 0x00000000c9600000| Complete 
|   2|0x00000000c9600000, 0x00000000c9700000, 0x00000000c9700000|100%|HC|  |TAMS 0x00000000c9700000, 0x00000000c9700000| Complete 
|   3|0x00000000c9700000, 0x00000000c9800000, 0x00000000c9800000|100%|HC|  |TAMS 0x00000000c9800000, 0x00000000c9800000| Complete 
|   4|0x00000000c9800000, 0x00000000c9900000, 0x00000000c9900000|100%| O|  |TAMS 0x00000000c9900000, 0x00000000c9900000| Untracked 
|   5|0x00000000c9900000, 0x00000000c9a00000, 0x00000000c9a00000|100%| O|  |TAMS 0x00000000c9a00000, 0x00000000c9a00000| Untracked 
|   6|0x00000000c9a00000, 0x00000000c9b00000, 0x00000000c9b00000|100%| O|  |TAMS 0x00000000c9a00000, 0x00000000c9b00000| Untracked 
|   7|0x00000000c9b00000, 0x00000000c9c00000, 0x00000000c9c00000|100%|HS|  |TAMS 0x00000000c9c00000, 0x00000000c9c00000| Complete 
|   8|0x00000000c9c00000, 0x00000000c9d00000, 0x00000000c9d00000|100%|HC|  |TAMS 0x00000000c9d00000, 0x00000000c9d00000| Complete 
|   9|0x00000000c9d00000, 0x00000000c9e00000, 0x00000000c9e00000|100%| O|  |TAMS 0x00000000c9e00000, 0x00000000c9e00000| Untracked 
|  10|0x00000000c9e00000, 0x00000000c9f00000, 0x00000000c9f00000|100%| O|  |TAMS 0x00000000c9e00000, 0x00000000c9f00000| Untracked 
|  11|0x00000000c9f00000, 0x00000000c9f9a200, 0x00000000ca000000| 60%| O|  |TAMS 0x00000000c9f00000, 0x00000000c9f73400| Untracked 
|  12|0x00000000ca000000, 0x00000000ca100000, 0x00000000ca100000|100%| O|  |TAMS 0x00000000ca100000, 0x00000000ca100000| Untracked 
|  13|0x00000000ca100000, 0x00000000ca200000, 0x00000000ca200000|100%| O|  |TAMS 0x00000000ca200000, 0x00000000ca200000| Untracked 
|  14|0x00000000ca200000, 0x00000000ca200000, 0x00000000ca300000|  0%| F|  |TAMS 0x00000000ca200000, 0x00000000ca200000| Untracked 
|  15|0x00000000ca300000, 0x00000000ca300000, 0x00000000ca400000|  0%| F|  |TAMS 0x00000000ca300000, 0x00000000ca300000| Untracked 
|  16|0x00000000ca400000, 0x00000000ca400000, 0x00000000ca500000|  0%| F|  |TAMS 0x00000000ca400000, 0x00000000ca400000| Untracked 
|  17|0x00000000ca500000, 0x00000000ca500000, 0x00000000ca600000|  0%| F|  |TAMS 0x00000000ca500000, 0x00000000ca500000| Untracked 
|  18|0x00000000ca600000, 0x00000000ca600000, 0x00000000ca700000|  0%| F|  |TAMS 0x00000000ca600000, 0x00000000ca600000| Untracked 
|  19|0x00000000ca700000, 0x00000000ca700000, 0x00000000ca800000|  0%| F|  |TAMS 0x00000000ca700000, 0x00000000ca700000| Untracked 
|  20|0x00000000ca800000, 0x00000000ca900000, 0x00000000ca900000|100%| S|CS|TAMS 0x00000000ca800000, 0x00000000ca800000| Complete 
|  21|0x00000000ca900000, 0x00000000ca900000, 0x00000000caa00000|  0%| F|  |TAMS 0x00000000ca900000, 0x00000000ca900000| Untracked 
|  22|0x00000000caa00000, 0x00000000caa00000, 0x00000000cab00000|  0%| F|  |TAMS 0x00000000caa00000, 0x00000000caa00000| Untracked 
|  23|0x00000000cab00000, 0x00000000cab00000, 0x00000000cac00000|  0%| F|  |TAMS 0x00000000cab00000, 0x00000000cab00000| Untracked 
|  24|0x00000000cac00000, 0x00000000cac00000, 0x00000000cad00000|  0%| F|  |TAMS 0x00000000cac00000, 0x00000000cac00000| Untracked 
|  32|0x00000000cb400000, 0x00000000cb400000, 0x00000000cb500000|  0%| F|  |TAMS 0x00000000cb400000, 0x00000000cb400000| Untracked 
|  33|0x00000000cb500000, 0x00000000cb500000, 0x00000000cb600000|  0%| F|  |TAMS 0x00000000cb500000, 0x00000000cb500000| Untracked 
| 875|0x00000000fff00000, 0x0000000100000000, 0x0000000100000000|100%| O|  |TAMS 0x0000000100000000, 0x0000000100000000| Untracked 

Card table byte_map: [0x000001ec42cb0000,0x000001ec42e70000] _byte_map_base: 0x000001ec42666000

Marking Bits (Prev, Next): (CMBitMap*) 0x000001ec42f58290, (CMBitMap*) 0x000001ec42f582d0
 Prev Bits: [0x000001ec555c0000, 0x000001ec56370000)
 Next Bits: [0x000001ec56370000, 0x000001ec57120000)

Polling page: 0x000001ec40d90000

Metaspace:

Usage:
  Non-class:     23.54 MB used.
      Class:      3.44 MB used.
       Both:     26.98 MB used.

Virtual space:
  Non-class space:       64.00 MB reserved,      23.62 MB ( 37%) committed,  1 nodes.
      Class space:        1.00 GB reserved,       3.50 MB ( <1%) committed,  1 nodes.
             Both:        1.06 GB reserved,      27.12 MB (  2%) committed. 

Chunk freelists:
   Non-Class:  7.64 MB
       Class:  12.39 MB
        Both:  20.03 MB

MaxMetaspaceSize: unlimited
CompressedClassSpaceSize: 1.00 GB
Initial GC threshold: 21.00 MB
Current GC threshold: 40.25 MB
CDS: off
MetaspaceReclaimPolicy: balanced
 - commit_granule_bytes: 65536.
 - commit_granule_words: 8192.
 - virtual_space_node_default_size: 8388608.
 - enlarge_chunks_in_place: 1.
 - new_chunks_are_fully_committed: 0.
 - uncommit_free_chunks: 1.
 - use_allocation_guard: 0.
 - handle_deallocations: 1.


Internal statistics:

num_allocs_failed_limit: 3.
num_arena_births: 110.
num_arena_deaths: 0.
num_vsnodes_births: 2.
num_vsnodes_deaths: 0.
num_space_committed: 433.
num_space_uncommitted: 0.
num_chunks_returned_to_freelist: 3.
num_chunks_taken_from_freelist: 801.
num_chunk_merges: 3.
num_chunk_splits: 647.
num_chunks_enlarged: 578.
num_inconsistent_stats: 0.

CodeHeap 'non-profiled nmethods': size=120064Kb used=639Kb max_used=639Kb free=119424Kb
 bounds [0x000001ec4dec0000, 0x000001ec4e130000, 0x000001ec55400000]
CodeHeap 'profiled nmethods': size=120000Kb used=2472Kb max_used=2472Kb free=117527Kb
 bounds [0x000001ec46400000, 0x000001ec46670000, 0x000001ec4d930000]
CodeHeap 'non-nmethods': size=5696Kb used=1199Kb max_used=1255Kb free=4496Kb
 bounds [0x000001ec4d930000, 0x000001ec4dba0000, 0x000001ec4dec0000]
 total_blobs=1926 nmethods=1426 adapters=413
 compilation: enabled
              stopped_count=0, restarted_count=0
 full_count=0

Compilation events (20 events):
Event: 13.137 Thread 0x000001ec59788810 1418       3       java.util.LinkedList::node (65 bytes)
Event: 13.138 Thread 0x000001ec59788810 nmethod 1418 0x000001ec46665b10 code [0x000001ec46665cc0, 0x000001ec46665f98]
Event: 13.138 Thread 0x000001ec59788810 1419       3       org.jetbrains.kotlin.metadata.deserialization.NameResolverImpl::traverseIds (150 bytes)
Event: 13.139 Thread 0x000001ec59788810 nmethod 1419 0x000001ec46666110 code [0x000001ec46666440, 0x000001ec46667a18]
Event: 13.144 Thread 0x000001ec59788810 1420       1       kotlin.Triple::getThird (5 bytes)
Event: 13.144 Thread 0x000001ec59788810 nmethod 1420 0x000001ec4df5f090 code [0x000001ec4df5f220, 0x000001ec4df5f2f8]
Event: 13.145 Thread 0x000001ec59788810 1421       3       java.io.File::<init> (47 bytes)
Event: 13.146 Thread 0x000001ec59788810 nmethod 1421 0x000001ec46668210 code [0x000001ec466683e0, 0x000001ec46668788]
Event: 13.147 Thread 0x000001ec594f9900 1422       4       jdk.internal.loader.BuiltinClassLoader::loadClassOrNull (7 bytes)
Event: 13.151 Thread 0x000001ec594f9900 nmethod 1422 0x000001ec4df5f390 code [0x000001ec4df5f540, 0x000001ec4df5f798]
Event: 13.243 Thread 0x000001ec59788810 1423   !   3       java.util.zip.ZipFile$CleanableResource::getInflater (47 bytes)
Event: 13.243 Thread 0x000001ec59788810 nmethod 1423 0x000001ec46668910 code [0x000001ec46668ae0, 0x000001ec46668fb8]
Event: 13.243 Thread 0x000001ec59788810 1424   !   3       java.util.zip.ZipFile$CleanableResource::releaseInflater (53 bytes)
Event: 13.244 Thread 0x000001ec59788810 nmethod 1424 0x000001ec46669190 code [0x000001ec46669360, 0x000001ec46669768]
Event: 13.334 Thread 0x000001ec594f9900 1425       4       java.lang.CharacterDataLatin1::getProperties (11 bytes)
Event: 13.334 Thread 0x000001ec59788810 1426       3       java.lang.Character::isJavaIdentifierPart (9 bytes)
Event: 13.335 Thread 0x000001ec59788810 nmethod 1426 0x000001ec46669990 code [0x000001ec46669b40, 0x000001ec46669d38]
Event: 13.335 Thread 0x000001ec594f9900 nmethod 1425 0x000001ec4df5fa10 code [0x000001ec4df5fb80, 0x000001ec4df5fc18]
Event: 13.335 Thread 0x000001ec59788810 1427       3       java.lang.CharacterDataLatin1::isJavaIdentifierPart (20 bytes)
Event: 13.335 Thread 0x000001ec59788810 nmethod 1427 0x000001ec46669e10 code [0x000001ec46669fc0, 0x000001ec4666a1d8]

GC Heap History (19 events):
Event: 2.634 GC heap before
{Heap before GC invocations=0 (full 0):
 garbage-first heap   total 57344K, used 10240K [0x00000000c9400000, 0x0000000100000000)
  region size 1024K, 6 young (6144K), 0 survivors (0K)
 Metaspace       used 7666K, committed 7808K, reserved 1114112K
  class space    used 585K, committed 640K, reserved 1048576K
}
Event: 2.645 GC heap after
{Heap after GC invocations=1 (full 0):
 garbage-first heap   total 57344K, used 6761K [0x00000000c9400000, 0x0000000100000000)
  region size 1024K, 1 young (1024K), 1 survivors (1024K)
 Metaspace       used 7666K, committed 7808K, reserved 1114112K
  class space    used 585K, committed 640K, reserved 1048576K
}
Event: 3.188 GC heap before
{Heap before GC invocations=1 (full 0):
 garbage-first heap   total 57344K, used 11881K [0x00000000c9400000, 0x0000000100000000)
  region size 1024K, 6 young (6144K), 1 survivors (1024K)
 Metaspace       used 10768K, committed 10880K, reserved 1114112K
  class space    used 900K, committed 960K, reserved 1048576K
}
Event: 3.192 GC heap after
{Heap after GC invocations=2 (full 0):
 garbage-first heap   total 57344K, used 6339K [0x00000000c9400000, 0x0000000100000000)
  region size 1024K, 1 young (1024K), 1 survivors (1024K)
 Metaspace       used 10768K, committed 10880K, reserved 1114112K
  class space    used 900K, committed 960K, reserved 1048576K
}
Event: 6.180 GC heap before
{Heap before GC invocations=2 (full 0):
 garbage-first heap   total 57344K, used 18627K [0x00000000c9400000, 0x0000000100000000)
  region size 1024K, 13 young (13312K), 1 survivors (1024K)
 Metaspace       used 14612K, committed 14720K, reserved 1114112K
  class space    used 1451K, committed 1536K, reserved 1048576K
}
Event: 6.186 GC heap after
{Heap after GC invocations=3 (full 0):
 garbage-first heap   total 57344K, used 6927K [0x00000000c9400000, 0x0000000100000000)
  region size 1024K, 2 young (2048K), 2 survivors (2048K)
 Metaspace       used 14612K, committed 14720K, reserved 1114112K
  class space    used 1451K, committed 1536K, reserved 1048576K
}
Event: 10.034 GC heap before
{Heap before GC invocations=3 (full 0):
 garbage-first heap   total 57344K, used 26383K [0x00000000c9400000, 0x0000000100000000)
  region size 1024K, 22 young (22528K), 2 survivors (2048K)
 Metaspace       used 21319K, committed 21504K, reserved 1114112K
  class space    used 2406K, committed 2496K, reserved 1048576K
}
Event: 10.043 GC heap after
{Heap after GC invocations=4 (full 0):
 garbage-first heap   total 57344K, used 7795K [0x00000000c9400000, 0x0000000100000000)
  region size 1024K, 2 young (2048K), 2 survivors (2048K)
 Metaspace       used 21319K, committed 21504K, reserved 1114112K
  class space    used 2406K, committed 2496K, reserved 1048576K
}
Event: 10.835 GC heap before
{Heap before GC invocations=5 (full 0):
 garbage-first heap   total 27648K, used 22131K [0x00000000c9400000, 0x0000000100000000)
  region size 1024K, 15 young (15360K), 2 survivors (2048K)
 Metaspace       used 22848K, committed 23104K, reserved 1114112K
  class space    used 2775K, committed 2880K, reserved 1048576K
}
Event: 10.855 GC heap after
{Heap after GC invocations=6 (full 0):
 garbage-first heap   total 28672K, used 12887K [0x00000000c9400000, 0x0000000100000000)
  region size 1024K, 2 young (2048K), 2 survivors (2048K)
 Metaspace       used 22848K, committed 23104K, reserved 1114112K
  class space    used 2775K, committed 2880K, reserved 1048576K
}
Event: 11.043 GC heap before
{Heap before GC invocations=6 (full 0):
 garbage-first heap   total 28672K, used 13911K [0x00000000c9400000, 0x0000000100000000)
  region size 1024K, 3 young (3072K), 2 survivors (2048K)
 Metaspace       used 22848K, committed 23104K, reserved 1114112K
  class space    used 2775K, committed 2880K, reserved 1048576K
}
Event: 11.049 GC heap after
{Heap after GC invocations=7 (full 0):
 garbage-first heap   total 28672K, used 13740K [0x00000000c9400000, 0x0000000100000000)
  region size 1024K, 1 young (1024K), 1 survivors (1024K)
 Metaspace       used 22848K, committed 23104K, reserved 1114112K
  class space    used 2775K, committed 2880K, reserved 1048576K
}
Event: 12.226 GC heap before
{Heap before GC invocations=7 (full 0):
 garbage-first heap   total 28672K, used 18860K [0x00000000c9400000, 0x0000000100000000)
  region size 1024K, 7 young (7168K), 1 survivors (1024K)
 Metaspace       used 24419K, committed 24640K, reserved 1114112K
  class space    used 3165K, committed 3264K, reserved 1048576K
}
Event: 12.230 GC heap after
{Heap after GC invocations=8 (full 0):
 garbage-first heap   total 28672K, used 14980K [0x00000000c9400000, 0x0000000100000000)
  region size 1024K, 1 young (1024K), 1 survivors (1024K)
 Metaspace       used 24419K, committed 24640K, reserved 1114112K
  class space    used 3165K, committed 3264K, reserved 1048576K
}
Event: 12.491 GC heap before
{Heap before GC invocations=9 (full 0):
 garbage-first heap   total 28672K, used 20100K [0x00000000c9400000, 0x0000000100000000)
  region size 1024K, 6 young (6144K), 1 survivors (1024K)
 Metaspace       used 26122K, committed 26304K, reserved 1114112K
  class space    used 3369K, committed 3456K, reserved 1048576K
}
Event: 12.496 GC heap after
{Heap after GC invocations=10 (full 0):
 garbage-first heap   total 28672K, used 15282K [0x00000000c9400000, 0x0000000100000000)
  region size 1024K, 1 young (1024K), 1 survivors (1024K)
 Metaspace       used 26122K, committed 26304K, reserved 1114112K
  class space    used 3369K, committed 3456K, reserved 1048576K
}
Event: 12.573 GC heap before
{Heap before GC invocations=10 (full 0):
 garbage-first heap   total 28672K, used 15282K [0x00000000c9400000, 0x0000000100000000)
  region size 1024K, 2 young (2048K), 1 survivors (1024K)
 Metaspace       used 26407K, committed 26560K, reserved 1114112K
  class space    used 3407K, committed 3456K, reserved 1048576K
}
Event: 12.575 GC heap after
{Heap after GC invocations=11 (full 0):
 garbage-first heap   total 28672K, used 15156K [0x00000000c9400000, 0x0000000100000000)
  region size 1024K, 1 young (1024K), 1 survivors (1024K)
 Metaspace       used 26407K, committed 26560K, reserved 1114112K
  class space    used 3407K, committed 3456K, reserved 1048576K
}
Event: 13.344 GC heap before
{Heap before GC invocations=11 (full 0):
 garbage-first heap   total 28672K, used 20276K [0x00000000c9400000, 0x0000000100000000)
  region size 1024K, 6 young (6144K), 1 survivors (1024K)
 Metaspace       used 27626K, committed 27776K, reserved 1114112K
  class space    used 3522K, committed 3584K, reserved 1048576K
}

Dll operation events (2 events):
Event: 0.030 Loaded shared library C:\Program Files\Android\Android Studio\jbr\bin\java.dll
Event: 9.025 Loaded shared library C:\Program Files\Android\Android Studio\jbr\bin\verify.dll

Deoptimization events (20 events):
Event: 10.565 Thread 0x000001ec42f209d0 Uncommon trap: trap_request=0xffffff45 fr.pc=0x000001ec4df1d7bc relative=0x00000000000007bc
Event: 10.565 Thread 0x000001ec42f209d0 Uncommon trap: reason=unstable_if action=reinterpret pc=0x000001ec4df1d7bc method=org.jetbrains.kotlin.com.intellij.openapi.vfs.impl.ZipEntryMap.isTheOne(Lorg/jetbrains/kotlin/com/intellij/openapi/vfs/impl/ArchiveHandler$EntryInfo;Ljava/lang/CharSequence;
Event: 10.565 Thread 0x000001ec42f209d0 DEOPT PACKING pc=0x000001ec4df1d7bc sp=0x0000009073dfe530
Event: 10.565 Thread 0x000001ec42f209d0 DEOPT UNPACKING pc=0x000001ec4d9869a3 sp=0x0000009073dfe478 mode 2
Event: 11.301 Thread 0x000001ec42f209d0 Uncommon trap: trap_request=0xffffff45 fr.pc=0x000001ec4df23384 relative=0x0000000000000a24
Event: 11.301 Thread 0x000001ec42f209d0 Uncommon trap: reason=unstable_if action=reinterpret pc=0x000001ec4df23384 method=java.util.zip.ZipFile.getZipEntry(Ljava/lang/String;I)Ljava/util/zip/ZipEntry; @ 243 c2
Event: 11.301 Thread 0x000001ec42f209d0 DEOPT PACKING pc=0x000001ec4df23384 sp=0x0000009073dfe5e0
Event: 11.301 Thread 0x000001ec42f209d0 DEOPT UNPACKING pc=0x000001ec4d9869a3 sp=0x0000009073dfe5a0 mode 2
Event: 12.348 Thread 0x000001ec42f209d0 Uncommon trap: trap_request=0xffffff45 fr.pc=0x000001ec4dee32d4 relative=0x0000000000000614
Event: 12.348 Thread 0x000001ec42f209d0 Uncommon trap: reason=unstable_if action=reinterpret pc=0x000001ec4dee32d4 method=java.lang.AbstractStringBuilder.append(Ljava/lang/String;)Ljava/lang/AbstractStringBuilder; @ 1 c2
Event: 12.348 Thread 0x000001ec42f209d0 DEOPT PACKING pc=0x000001ec4dee32d4 sp=0x0000009073dfe120
Event: 12.348 Thread 0x000001ec42f209d0 DEOPT UNPACKING pc=0x000001ec4d9869a3 sp=0x0000009073dfe0a0 mode 2
Event: 12.862 Thread 0x000001ec42f209d0 Uncommon trap: trap_request=0xffffff45 fr.pc=0x000001ec4dee3ee4 relative=0x0000000000000624
Event: 12.862 Thread 0x000001ec42f209d0 Uncommon trap: reason=unstable_if action=reinterpret pc=0x000001ec4dee3ee4 method=java.lang.AbstractStringBuilder.append(Ljava/lang/String;)Ljava/lang/AbstractStringBuilder; @ 1 c2
Event: 12.862 Thread 0x000001ec42f209d0 DEOPT PACKING pc=0x000001ec4dee3ee4 sp=0x0000009073dfe0c0
Event: 12.862 Thread 0x000001ec42f209d0 DEOPT UNPACKING pc=0x000001ec4d9869a3 sp=0x0000009073dfe0a8 mode 2
Event: 13.068 Thread 0x000001ec42f209d0 Uncommon trap: trap_request=0xffffffde fr.pc=0x000001ec4df14738 relative=0x00000000000003f8
Event: 13.068 Thread 0x000001ec42f209d0 Uncommon trap: reason=class_check action=maybe_recompile pc=0x000001ec4df14738 method=java.util.HashMap.getNode(Ljava/lang/Object;)Ljava/util/HashMap$Node; @ 128 c2
Event: 13.068 Thread 0x000001ec42f209d0 DEOPT PACKING pc=0x000001ec4df14738 sp=0x0000009073dfd8f0
Event: 13.068 Thread 0x000001ec42f209d0 DEOPT UNPACKING pc=0x000001ec4d9869a3 sp=0x0000009073dfd7e8 mode 2

Classes unloaded (0 events):
No events

Classes redefined (0 events):
No events

Internal exceptions (20 events):
Event: 6.834 Thread 0x000001ec42f209d0 Exception <a 'java/lang/NoSuchMethodError'{0x00000000cc9e2f50}: 'long java.lang.invoke.Invokers$Holder.invoke_MT(java.lang.Object, java.lang.Object, java.lang.Object, java.lang.Object)'> (0x00000000cc9e2f50) 
thrown [s\src\hotspot\share\interpreter\linkResolver.cpp, line 771]
Event: 6.849 Thread 0x000001ec42f209d0 Exception <a 'java/lang/NoSuchMethodError'{0x00000000cc9ee650}: 'int java.lang.invoke.DirectMethodHandle$Holder.invokeSpecial(java.lang.Object, java.lang.Object, java.lang.Object)'> (0x00000000cc9ee650) 
thrown [s\src\hotspot\share\interpreter\linkResolver.cpp, line 771]
Event: 6.852 Thread 0x000001ec42f209d0 Exception <a 'java/lang/NoSuchMethodError'{0x00000000cc9f2340}: 'int java.lang.invoke.DirectMethodHandle$Holder.invokeSpecial(java.lang.Object, java.lang.Object, java.lang.Object, java.lang.Object)'> (0x00000000cc9f2340) 
thrown [s\src\hotspot\share\interpreter\linkResolver.cpp, line 771]
Event: 6.853 Thread 0x000001ec42f209d0 Exception <a 'java/lang/NoSuchMethodError'{0x00000000cc9f59a8}: 'int java.lang.invoke.Invokers$Holder.invoke_MT(java.lang.Object, java.lang.Object, java.lang.Object, java.lang.Object)'> (0x00000000cc9f59a8) 
thrown [s\src\hotspot\share\interpreter\linkResolver.cpp, line 771]
Event: 6.867 Thread 0x000001ec42f209d0 Exception <a 'java/lang/NoSuchMethodError'{0x00000000cc805438}: 'void java.lang.invoke.DelegatingMethodHandle$Holder.reinvoke_L(java.lang.Object, java.lang.Object, java.lang.Object, long, java.lang.Object)'> (0x00000000cc805438) 
thrown [s\src\hotspot\share\interpreter\linkResolver.cpp, line 771]
Event: 6.908 Thread 0x000001ec42f209d0 Exception <a 'java/lang/NoSuchMethodError'{0x00000000cc80d070}: 'java.lang.Object java.lang.invoke.DirectMethodHandle$Holder.invokeSpecial(java.lang.Object, java.lang.Object, java.lang.Object, java.lang.Object, long)'> (0x00000000cc80d070) 
thrown [s\src\hotspot\share\interpreter\linkResolver.cpp, line 771]
Event: 6.939 Thread 0x000001ec42f209d0 Exception <a 'java/lang/NoSuchMethodError'{0x00000000cc81c430}: 'int java.lang.invoke.DelegatingMethodHandle$Holder.reinvoke_L(java.lang.Object, java.lang.Object, java.lang.Object, long, java.lang.Object, java.lang.Object)'> (0x00000000cc81c430) 
thrown [s\src\hotspot\share\interpreter\linkResolver.cpp, line 771]
Event: 6.940 Thread 0x000001ec42f209d0 Exception <a 'java/lang/NoSuchMethodError'{0x00000000cc82afc0}: 'int java.lang.invoke.DelegatingMethodHandle$Holder.reinvoke_L(java.lang.Object, java.lang.Object, java.lang.Object, long, int, int)'> (0x00000000cc82afc0) 
thrown [s\src\hotspot\share\interpreter\linkResolver.cpp, line 771]
Event: 6.942 Thread 0x000001ec42f209d0 Exception <a 'java/lang/NoSuchMethodError'{0x00000000cc839a20}: 'int java.lang.invoke.DelegatingMethodHandle$Holder.reinvoke_L(java.lang.Object, java.lang.Object, java.lang.Object, long, long, long)'> (0x00000000cc839a20) 
thrown [s\src\hotspot\share\interpreter\linkResolver.cpp, line 771]
Event: 6.943 Thread 0x000001ec42f209d0 Exception <a 'java/lang/NoSuchMethodError'{0x00000000cc848038}: 'int java.lang.invoke.DelegatingMethodHandle$Holder.reinvoke_L(java.lang.Object, java.lang.Object, java.lang.Object, long, int)'> (0x00000000cc848038) 
thrown [s\src\hotspot\share\interpreter\linkResolver.cpp, line 771]
Event: 7.118 Thread 0x000001ec42f209d0 Exception <a 'java/lang/NoSuchMethodError'{0x00000000cc8efe88}: 'int java.lang.invoke.DirectMethodHandle$Holder.invokeStaticInit(java.lang.Object, java.lang.Object, java.lang.Object)'> (0x00000000cc8efe88) 
thrown [s\src\hotspot\share\interpreter\linkResolver.cpp, line 771]
Event: 7.129 Thread 0x000001ec42f209d0 Exception <a 'java/lang/NoSuchMethodError'{0x00000000cc719550}: 'int java.lang.invoke.DirectMethodHandle$Holder.invokeStaticInit(java.lang.Object, java.lang.Object)'> (0x00000000cc719550) 
thrown [s\src\hotspot\share\interpreter\linkResolver.cpp, line 771]
Event: 7.229 Thread 0x000001ec42f209d0 Exception <a 'java/lang/NoSuchMethodError'{0x00000000cc7f8400}: 'void java.lang.invoke.DirectMethodHandle$Holder.invokeSpecial(java.lang.Object, java.lang.Object, java.lang.Object)'> (0x00000000cc7f8400) 
thrown [s\src\hotspot\share\interpreter\linkResolver.cpp, line 771]
Event: 7.702 Thread 0x000001ec42f209d0 Exception <a 'java/lang/NoSuchMethodError'{0x00000000cc31cc50}: 'void java.lang.invoke.DirectMethodHandle$Holder.invokeStatic(java.lang.Object, java.lang.Object, java.lang.Object, java.lang.Object)'> (0x00000000cc31cc50) 
thrown [s\src\hotspot\share\interpreter\linkResolver.cpp, line 771]
Event: 8.559 Thread 0x000001ec42f209d0 Exception <a 'java/lang/NoSuchMethodError'{0x00000000cc0e07a0}: 'void java.lang.invoke.DirectMethodHandle$Holder.invokeStaticInit(java.lang.Object, java.lang.Object)'> (0x00000000cc0e07a0) 
thrown [s\src\hotspot\share\interpreter\linkResolver.cpp, line 771]
Event: 9.523 Thread 0x000001ec42f209d0 Exception <a 'java/lang/NoSuchMethodError'{0x00000000cb99ad48}: 'void java.lang.invoke.DirectMethodHandle$Holder.invokeVirtual(java.lang.Object, java.lang.Object)'> (0x00000000cb99ad48) 
thrown [s\src\hotspot\share\interpreter\linkResolver.cpp, line 771]
Event: 9.580 Thread 0x000001ec42f209d0 Exception <a 'java/lang/NoSuchMethodError'{0x00000000cb816298}: 'int java.lang.invoke.DirectMethodHandle$Holder.invokeVirtual(java.lang.Object, java.lang.Object)'> (0x00000000cb816298) 
thrown [s\src\hotspot\share\interpreter\linkResolver.cpp, line 771]
Event: 9.734 Thread 0x000001ec42f209d0 Exception <a 'java/lang/NoSuchMethodError'{0x00000000cb8d0ef8}: 'java.lang.Object java.lang.invoke.Invokers$Holder.invokeExact_MT(java.lang.Object, java.lang.Object, java.lang.Object, java.lang.Object, java.lang.Object, java.lang.Object)'> (0x00000000cb8d0ef8) 
thrown [s\src\hotspot\share\interpreter\linkResolver.cpp, line 771]
Event: 12.348 Thread 0x000001ec42f209d0 Implicit null exception at 0x000001ec4dee2cf2 to 0x000001ec4dee32bc
Event: 12.860 Thread 0x000001ec42f209d0 Implicit null exception at 0x000001ec4dee38f2 to 0x000001ec4dee3ecc

VM Operations (20 events):
Event: 11.049 Executing VM operation: G1CollectForAllocation done
Event: 12.051 Executing VM operation: Cleanup
Event: 12.051 Executing VM operation: Cleanup done
Event: 12.226 Executing VM operation: G1CollectForAllocation
Event: 12.230 Executing VM operation: G1CollectForAllocation done
Event: 12.245 Executing VM operation: G1Concurrent
Event: 12.260 Executing VM operation: G1Concurrent done
Event: 12.265 Executing VM operation: G1Concurrent
Event: 12.265 Executing VM operation: G1Concurrent done
Event: 12.294 Executing VM operation: HandshakeAllThreads
Event: 12.294 Executing VM operation: HandshakeAllThreads done
Event: 12.294 Executing VM operation: HandshakeAllThreads
Event: 12.294 Executing VM operation: HandshakeAllThreads done
Event: 12.491 Executing VM operation: G1CollectForAllocation
Event: 12.497 Executing VM operation: G1CollectForAllocation done
Event: 12.573 Executing VM operation: G1CollectForAllocation
Event: 12.576 Executing VM operation: G1CollectForAllocation done
Event: 12.885 Executing VM operation: HandshakeAllThreads
Event: 12.885 Executing VM operation: HandshakeAllThreads done
Event: 13.344 Executing VM operation: G1CollectForAllocation

Events (20 events):
Event: 12.388 loading class java/util/Formatter$Conversion
Event: 12.388 loading class java/util/Formatter$Conversion done
Event: 12.388 loading class java/util/Formatter$FormatSpecifier
Event: 12.389 loading class java/util/Formatter$FormatSpecifier done
Event: 12.390 loading class java/util/Formatter$Flags
Event: 12.390 loading class java/util/Formatter$Flags done
Event: 12.390 loading class java/util/Formattable
Event: 12.390 loading class java/util/Formattable done
Event: 12.568 loading class java/lang/Long$LongCache
Event: 12.568 loading class java/lang/Long$LongCache done
Event: 12.883 loading class java/util/LinkedList
Event: 12.884 loading class java/util/AbstractSequentialList
Event: 12.884 loading class java/util/AbstractSequentialList done
Event: 12.885 loading class java/util/LinkedList done
Event: 12.886 loading class java/util/LinkedList$Node
Event: 12.886 loading class java/util/LinkedList$Node done
Event: 12.886 loading class java/util/LinkedList$ListItr
Event: 12.886 loading class java/util/LinkedList$ListItr done
Event: 12.930 loading class jdk/internal/misc/ScopedMemoryAccess$Scope
Event: 12.930 loading class jdk/internal/misc/ScopedMemoryAccess$Scope done


Dynamic libraries:
0x00007ff65a6e0000 - 0x00007ff65a6ea000 	C:\Program Files\Android\Android Studio\jbr\bin\java.exe
0x00007ffb6d990000 - 0x00007ffb6db88000 	C:\windows\SYSTEM32\ntdll.dll
0x00007ffb6bd80000 - 0x00007ffb6be42000 	C:\windows\System32\KERNEL32.DLL
0x00007ffb6b4c0000 - 0x00007ffb6b7bf000 	C:\windows\System32\KERNELBASE.dll
0x00007ffb6b2f0000 - 0x00007ffb6b3f0000 	C:\windows\System32\ucrtbase.dll
0x00007ffb57000000 - 0x00007ffb57017000 	C:\Program Files\Android\Android Studio\jbr\bin\jli.dll
0x00007ffb560a0000 - 0x00007ffb560bb000 	C:\Program Files\Android\Android Studio\jbr\bin\VCRUNTIME140.dll
0x00007ffb6d680000 - 0x00007ffb6d81d000 	C:\windows\System32\USER32.dll
0x00007ffb6b970000 - 0x00007ffb6b992000 	C:\windows\System32\win32u.dll
0x00007ffb6d5b0000 - 0x00007ffb6d5db000 	C:\windows\System32\GDI32.dll
0x00007ffb6b1d0000 - 0x00007ffb6b2e7000 	C:\windows\System32\gdi32full.dll
0x00007ffb6b3f0000 - 0x00007ffb6b48d000 	C:\windows\System32\msvcp_win.dll
0x00007ffb4df20000 - 0x00007ffb4e1ba000 	C:\windows\WinSxS\amd64_microsoft.windows.common-controls_6595b64144ccf1df_6.0.19041.4355_none_60b8b9eb71f62e16\COMCTL32.dll
0x00007ffb6bad0000 - 0x00007ffb6bb6e000 	C:\windows\System32\msvcrt.dll
0x00007ffb6c990000 - 0x00007ffb6c9bf000 	C:\windows\System32\IMM32.DLL
0x00007ffb5c4d0000 - 0x00007ffb5c4dc000 	C:\Program Files\Android\Android Studio\jbr\bin\vcruntime140_1.dll
0x00007ffb381f0000 - 0x00007ffb3827d000 	C:\Program Files\Android\Android Studio\jbr\bin\msvcp140.dll
0x00007ffb31fd0000 - 0x00007ffb32c50000 	C:\Program Files\Android\Android Studio\jbr\bin\server\jvm.dll
0x00007ffb6d820000 - 0x00007ffb6d8d1000 	C:\windows\System32\ADVAPI32.dll
0x00007ffb6d5e0000 - 0x00007ffb6d67f000 	C:\windows\System32\sechost.dll
0x00007ffb6bb70000 - 0x00007ffb6bc93000 	C:\windows\System32\RPCRT4.dll
0x00007ffb6b490000 - 0x00007ffb6b4b7000 	C:\windows\System32\bcrypt.dll
0x00007ffb47ad0000 - 0x00007ffb47ad9000 	C:\windows\SYSTEM32\WSOCK32.dll
0x00007ffb6ced0000 - 0x00007ffb6cf3b000 	C:\windows\System32\WS2_32.dll
0x00007ffb618e0000 - 0x00007ffb61907000 	C:\windows\SYSTEM32\WINMM.dll
0x00007ffb61910000 - 0x00007ffb6191a000 	C:\windows\SYSTEM32\VERSION.dll
0x00007ffb68ea0000 - 0x00007ffb68eb2000 	C:\windows\SYSTEM32\kernel.appcore.dll
0x00007ffb68410000 - 0x00007ffb6841a000 	C:\Program Files\Android\Android Studio\jbr\bin\jimage.dll
0x00007ffb5ea40000 - 0x00007ffb5ec24000 	C:\windows\SYSTEM32\DBGHELP.DLL
0x00007ffb5e660000 - 0x00007ffb5e694000 	C:\windows\SYSTEM32\dbgcore.DLL
0x00007ffb6b830000 - 0x00007ffb6b8b2000 	C:\windows\System32\bcryptPrimitives.dll
0x00007ffb572f0000 - 0x00007ffb57315000 	C:\Program Files\Android\Android Studio\jbr\bin\java.dll
0x00007ffb683f0000 - 0x00007ffb68408000 	C:\Program Files\Android\Android Studio\jbr\bin\zip.dll
0x00007ffb6c0b0000 - 0x00007ffb6c81e000 	C:\windows\System32\SHELL32.dll
0x00007ffb690a0000 - 0x00007ffb69844000 	C:\windows\SYSTEM32\windows.storage.dll
0x00007ffb6cb70000 - 0x00007ffb6cec5000 	C:\windows\System32\combase.dll
0x00007ffb6a980000 - 0x00007ffb6a9af000 	C:\windows\SYSTEM32\Wldp.dll
0x00007ffb6d4e0000 - 0x00007ffb6d5ad000 	C:\windows\System32\OLEAUT32.dll
0x00007ffb6d3c0000 - 0x00007ffb6d46d000 	C:\windows\System32\SHCORE.dll
0x00007ffb6d8f0000 - 0x00007ffb6d945000 	C:\windows\System32\shlwapi.dll
0x00007ffb6af50000 - 0x00007ffb6af74000 	C:\windows\SYSTEM32\profapi.dll
0x00007ffb683b0000 - 0x00007ffb683c9000 	C:\Program Files\Android\Android Studio\jbr\bin\net.dll
0x00007ffb62d80000 - 0x00007ffb62e8d000 	C:\windows\SYSTEM32\WINHTTP.dll
0x00007ffb6a6e0000 - 0x00007ffb6a74a000 	C:\windows\system32\mswsock.dll
0x00007ffb5e0d0000 - 0x00007ffb5e0e6000 	C:\Program Files\Android\Android Studio\jbr\bin\nio.dll
0x00007ffb5e790000 - 0x00007ffb5e7a0000 	C:\Program Files\Android\Android Studio\jbr\bin\verify.dll

dbghelp: loaded successfully - version: 4.0.5 - missing functions: none
symbol engine: initialized successfully - sym options: 0x614 - pdb path: .;C:\Program Files\Android\Android Studio\jbr\bin;C:\windows\SYSTEM32;C:\windows\WinSxS\amd64_microsoft.windows.common-controls_6595b64144ccf1df_6.0.19041.4355_none_60b8b9eb71f62e16;C:\Program Files\Android\Android Studio\jbr\bin\server

VM Arguments:
java_command: org.jetbrains.kotlin.cli.jvm.K2JVMCompiler @C:\Users\diana\AndroidStudioProjects\Nmedia\app\build\20250122_2384698645727538572.compiler.options
java_class_path (initial): C:\Users\diana\.gradle\caches\modules-2\files-2.1\org.jetbrains.kotlin\kotlin-compiler-embeddable\1.9.22\9cd4dc7773cf2a99ecd961a88fbbc9a2da3fb5e1\kotlin-compiler-embeddable-1.9.22.jar;C:\Users\diana\.gradle\caches\modules-2\files-2.1\org.jetbrains.kotlin\kotlin-stdlib\1.9.22\d6c44cd08d8f3f9bece8101216dbe6553365c6e3\kotlin-stdlib-1.9.22.jar;C:\Users\diana\.gradle\caches\modules-2\files-2.1\org.jetbrains.kotlin\kotlin-script-runtime\1.9.22\f8139a46fc677ec9badc49ae954392f4f5e7e7c7\kotlin-script-runtime-1.9.22.jar;C:\Users\diana\.gradle\caches\modules-2\files-2.1\org.jetbrains.kotlin\kotlin-reflect\1.6.10\1cbe9c92c12a94eea200d23c2bbaedaf3daf5132\kotlin-reflect-1.6.10.jar;C:\Users\diana\.gradle\caches\modules-2\files-2.1\org.jetbrains.kotlin\kotlin-daemon-embeddable\1.9.22\20e2c5df715f3240c765cfc222530e2796542021\kotlin-daemon-embeddable-1.9.22.jar;C:\Users\diana\.gradle\caches\modules-2\files-2.1\org.jetbrains.intellij.deps\trove4j\1.0.20200330\3afb14d5f9ceb459d724e907a21145e8ff394f02\trove4j-1.0.20200330.jar;C:\Users\diana\.gradle\caches\modules-2\files-2.1\org.jetbrains\annotations\13.0\919f0dfe192fb4e063e7dacadee7f8bb9a2672a9\annotations-13.0.jar
Launcher Type: SUN_STANDARD

[Global flags]
     intx CICompilerCount                          = 2                                         {product} {ergonomic}
     uint ConcGCThreads                            = 1                                         {product} {ergonomic}
     uint G1ConcRefinementThreads                  = 2                                         {product} {ergonomic}
   size_t G1HeapRegionSize                         = 1048576                                   {product} {ergonomic}
    uintx GCDrainStackTargetSize                   = 64                                        {product} {ergonomic}
   size_t InitialHeapSize                          = 58720256                                  {product} {ergonomic}
   size_t MarkStackSize                            = 4194304                                   {product} {ergonomic}
   size_t MaxHeapSize                              = 918552576                                 {product} {ergonomic}
   size_t MaxNewSize                               = 550502400                                 {product} {ergonomic}
   size_t MinHeapDeltaBytes                        = 1048576                                   {product} {ergonomic}
   size_t MinHeapSize                              = 8388608                                   {product} {ergonomic}
    uintx NonNMethodCodeHeapSize                   = 5826188                                {pd product} {ergonomic}
    uintx NonProfiledCodeHeapSize                  = 122916026                              {pd product} {ergonomic}
    uintx ProfiledCodeHeapSize                     = 122916026                              {pd product} {ergonomic}
    uintx ReservedCodeCacheSize                    = 251658240                              {pd product} {ergonomic}
     bool SegmentedCodeCache                       = true                                      {product} {ergonomic}
   size_t SoftMaxHeapSize                          = 918552576                              {manageable} {ergonomic}
     bool UseCompressedClassPointers               = true                           {product lp64_product} {ergonomic}
     bool UseCompressedOops                        = true                           {product lp64_product} {ergonomic}
     bool UseG1GC                                  = true                                      {product} {ergonomic}
     bool UseLargePagesIndividualAllocation        = false                                  {pd product} {ergonomic}

Logging:
Log output configuration:
 #0: stdout all=warning uptime,level,tags
 #1: stderr all=off uptime,level,tags

Environment Variables:
PATH=C:\Program Files\Common Files\Oracle\Java\javapath;C:\ProgramData\Oracle\Java\javapath;C:\windows\system32;C:\windows;C:\windows\System32\Wbem;C:\windows\System32\WindowsPowerShell\v1.0\;C:\windows\System32\OpenSSH\;C:\Program Files\HP\HP One Agent;C:\Programky\Git\cmd;C:\Users\diana\AppData\Local\Microsoft\WindowsApps;C:\Users\diana\AppData\Local\JetBrains\Toolbox\scripts;C:\Programky\Microsoft VS Code\bin
USERNAME=diana
OS=Windows_NT
PROCESSOR_IDENTIFIER=AMD64 Family 23 Model 24 Stepping 1, AuthenticAMD
TMP=C:\Users\diana\AppData\Local\Temp
TEMP=C:\Users\diana\AppData\Local\Temp


JNI global refs:
JNI global refs: 7, weak refs: 0

JNI global refs memory usage: 843, weak refs: 841

OOME stack traces (most recent first):
Classloader memory used:
Loader jdk.internal.loader.ClassLoaders$AppClassLoader                                 : 2268K
Loader bootstrap                                                                       : 1184K
Loader jdk.internal.reflect.DelegatingClassLoader                                      : 432B


---------------  S Y S T E M  ---------------

OS:
 Windows 10 , 64 bit Build 19041 (10.0.19041.5198)
OS uptime: 7 days 4:00 hours

CPU: total 2 (initial active 2) (2 cores per cpu, 1 threads per core) family 23 model 24 stepping 1 microcode 0x0, cx8, cmov, fxsr, mmx, 3dnowpref, sse, sse2, sse3, ssse3, sse4a, sse4.1, sse4.2, popcnt, lzcnt, tsc, tscinvbit, avx, avx2, aes, clmul, bmi1, bmi2, adx, sha, fma, vzeroupper, clflush, clflushopt

Memory: 4k page, system-wide physical 3503M (55M free)
TotalPageFile size 14255M (AvailPageFile size 12M)
current process WorkingSet (physical memory assigned to process): 110M, peak: 121M
current process commit charge ("private bytes"): 142M, peak: 150M

vm_info: OpenJDK 64-Bit Server VM (17.0.7+0-b2043.56-10550314) for windows-amd64 JRE (17.0.7+0-b2043.56-10550314), built on Jul 24 2023 18:27:45 by "androidbuild" with MS VC++ 16.10 / 16.11 (VS2019)

END.
